Using pre-set license
Built from 'uanjie/1.3/staging' branch; Version is '2022.3.38t3 (81b03c25b939) revision 8499260'; Using compiler version '192829333'; Build Type 'Release'
OS: 'Windows 11  (10.0.22631) 64bit Professional' Language: 'zh' Physical Memory: 32610 MB
BatchMode: 1, IsHumanControllingUs: 0, StartBugReporterOnCrash: 0, Is64bit: 1, IsPro: 1

COMMAND LINE ARGUMENTS:
C:\Program Files\Tuanjie\Hub\Editor\2022.3.38t3\Editor\Tuanjie.exe
-adb2
-batchMode
-noUpm
-name
AssetImportWorker1
-projectPath
C:/Users/mkitsdtts/OneDrive/mkitsdts/OneDrive/mkitsdts/code/Program/Game/climb
-logFile
Logs/AssetImportWorker1.log
-srvPort
63587
Successfully changed project path to: C:/Users/mkitsdtts/OneDrive/mkitsdts/OneDrive/mkitsdts/code/Program/Game/climb
C:/Users/mkitsdtts/OneDrive/mkitsdts/OneDrive/mkitsdts/code/Program/Game/climb
[Memory] Configuration Parameters - Can be set up in boot.config
    "memorysetup-bucket-allocator-granularity=16"
    "memorysetup-bucket-allocator-bucket-count=8"
    "memorysetup-bucket-allocator-block-size=33554432"
    "memorysetup-bucket-allocator-block-count=8"
    "memorysetup-main-allocator-block-size=16777216"
    "memorysetup-thread-allocator-block-size=16777216"
    "memorysetup-gfx-main-allocator-block-size=16777216"
    "memorysetup-gfx-thread-allocator-block-size=16777216"
    "memorysetup-cache-allocator-block-size=4194304"
    "memorysetup-typetree-allocator-block-size=2097152"
    "memorysetup-profiler-bucket-allocator-granularity=16"
    "memorysetup-profiler-bucket-allocator-bucket-count=8"
    "memorysetup-profiler-bucket-allocator-block-size=33554432"
    "memorysetup-profiler-bucket-allocator-block-count=8"
    "memorysetup-profiler-allocator-block-size=16777216"
    "memorysetup-profiler-editor-allocator-block-size=1048576"
    "memorysetup-temp-allocator-size-main=16777216"
    "memorysetup-job-temp-allocator-block-size=2097152"
    "memorysetup-job-temp-allocator-block-size-background=1048576"
    "memorysetup-job-temp-allocator-reduction-small-platforms=262144"
    "memorysetup-allocator-temp-initial-block-size-main=262144"
    "memorysetup-allocator-temp-initial-block-size-worker=262144"
    "memorysetup-temp-allocator-size-background-worker=32768"
    "memorysetup-temp-allocator-size-job-worker=262144"
    "memorysetup-temp-allocator-size-preload-manager=33554432"
    "memorysetup-temp-allocator-size-nav-mesh-worker=65536"
    "memorysetup-temp-allocator-size-audio-worker=65536"
    "memorysetup-temp-allocator-size-cloud-worker=32768"
    "memorysetup-temp-allocator-size-gi-baking-worker=262144"
    "memorysetup-temp-allocator-size-gfx=262144"
Player connection [28948]  Target information:

Player connection [28948]  * "[IP] 172.18.0.1 [Port] 0 [Flags] 2 [Guid] 1481670682 [EditorId] 1481670682 [Version] 1048832 [Id] WindowsEditor(7,mkitsdts) [Debug] 1 [PackageName] WindowsEditor [ProjectName] Editor" 

Player connection [28948]  * "[IP] 192.168.2.222 [Port] 0 [Flags] 2 [Guid] 1481670682 [EditorId] 1481670682 [Version] 1048832 [Id] WindowsEditor(7,mkitsdts) [Debug] 1 [PackageName] WindowsEditor [ProjectName] Editor" 

Player connection [28948] Host joined multi-casting on [225.0.0.222:54997]...
Player connection [28948] Host joined alternative multi-casting on [225.0.0.222:34997]...
AS: AutoStreaming module initializing.
[PhysX] Initialized MultithreadedTaskDispatcher with 16 workers.
